Info: Starting: Create block symbol file (.bsf)
Info: qsys-generate C:\Users\Magic_Boy\Desktop\stability\other\nco\signal_band_internalL\signal_band_internalL0.qsys --block-symbol-file --output-directory=C:\Users\Magic_Boy\Desktop\stability\other\nco\signal_band_internalL\signal_band_internalL0 --family="Cyclone V" --part=5CEBA4F17I7
Progress: Loading signal_band_internalL/signal_band_internalL0.qsys
Progress: Reading input file
Progress: Adding nco_ii_0 [altera_nco_ii 17.0]
Progress: Parameterizing module nco_ii_0
Progress: Building connections
Progress: Parameterizing connections
Progress: Validating
Progress: Done reading input file
Info: qsys-generate succeeded.
Info: Finished: Create block symbol file (.bsf)
Info: 
Info: Starting: Create HDL design files for synthesis
Info: qsys-generate C:\Users\Magic_Boy\Desktop\stability\other\nco\signal_band_internalL\signal_band_internalL0.qsys --synthesis=VERILOG --output-directory=C:\Users\Magic_Boy\Desktop\stability\other\nco\signal_band_internalL\signal_band_internalL0\synthesis --family="Cyclone V" --part=5CEBA4F17I7
Progress: Loading signal_band_internalL/signal_band_internalL0.qsys
Progress: Reading input file
Progress: Adding nco_ii_0 [altera_nco_ii 17.0]
Progress: Parameterizing module nco_ii_0
Progress: Building connections
Progress: Parameterizing connections
Progress: Validating
Progress: Done reading input file
Info: signal_band_internalL0: Generating signal_band_internalL0 "signal_band_internalL0" for QUARTUS_SYNTH
Info: nco_ii_0: "signal_band_internalL0" instantiated altera_nco_ii "nco_ii_0"
Info: signal_band_internalL0: Done "signal_band_internalL0" with 2 modules, 21 files
Info: qsys-generate succeeded.
Info: Finished: Create HDL design files for synthesis
