Assembler report for stability
Thu Nov 02 10:10:36 2017
Quartus Prime Version 16.1.2 Build 203 01/18/2017 SJ Standard Edition


---------------------
; Table of Contents ;
---------------------
  1. Legal Notice
  2. Assembler Summary
  3. Assembler Settings
  4. Assembler Encrypted IP Cores Summary
  5. Assembler Generated Files
  6. Assembler Device Options: C:/Users/Magic_Boy/Desktop/stability/output_files/stability.sof
  7. Assembler Device Options: C:/Users/Magic_Boy/Desktop/stability/output_files/stability.pof
  8. Assembler Messages



----------------
; Legal Notice ;
----------------
Copyright (C) 2017  Intel Corporation. All rights reserved.
Your use of Intel Corporation's design tools, logic functions 
and other software and tools, and its AMPP partner logic 
functions, and any output files from any of the foregoing 
(including device programming or simulation files), and any 
associated documentation or information are expressly subject 
to the terms and conditions of the Intel Program License 
Subscription Agreement, the Intel Quartus Prime License Agreement,
the Intel MegaCore Function License Agreement, or other 
applicable license agreement, including, without limitation, 
that your use is for the sole purpose of programming logic 
devices manufactured by Intel and sold by Intel or its 
authorized distributors.  Please refer to the applicable 
agreement for further details.



+---------------------------------------------------------------+
; Assembler Summary                                             ;
+-----------------------+---------------------------------------+
; Assembler Status      ; Successful - Thu Nov 02 10:10:36 2017 ;
; Revision Name         ; stability                             ;
; Top-level Entity Name ; top                                   ;
; Family                ; Cyclone V                             ;
; Device                ; 5CEBA4F17I7                           ;
+-----------------------+---------------------------------------+


+----------------------------------+
; Assembler Settings               ;
+--------+---------+---------------+
; Option ; Setting ; Default Value ;
+--------+---------+---------------+


+--------------------------------------------------+
; Assembler Encrypted IP Cores Summary             ;
+--------+--------------------------+--------------+
; Vendor ; IP Core Name             ; License Type ;
+--------+--------------------------+--------------+
; Altera ; NCO Compiler (6AF7 0014) ; Licensed     ;
; Altera ; FFT/IFFT (6AF7 0034)     ; Licensed     ;
; Altera ; Signal Tap (6AF7 BCE1)   ; Licensed     ;
; Altera ; Signal Tap (6AF7 BCEC)   ; Licensed     ;
+--------+--------------------------+--------------+


+-----------------------------------------------------------------+
; Assembler Generated Files                                       ;
+-----------------------------------------------------------------+
; File Name                                                       ;
+-----------------------------------------------------------------+
; C:/Users/Magic_Boy/Desktop/stability/output_files/stability.sof ;
; C:/Users/Magic_Boy/Desktop/stability/output_files/stability.pof ;
+-----------------------------------------------------------------+


+-------------------------------------------------------------------------------------------+
; Assembler Device Options: C:/Users/Magic_Boy/Desktop/stability/output_files/stability.sof ;
+----------------+--------------------------------------------------------------------------+
; Option         ; Setting                                                                  ;
+----------------+--------------------------------------------------------------------------+
; Device         ; 5CEBA4F17I7                                                              ;
; JTAG usercode  ; 0x05C66182                                                               ;
; Checksum       ; 0x05C66182                                                               ;
+----------------+--------------------------------------------------------------------------+


+-------------------------------------------------------------------------------------------+
; Assembler Device Options: C:/Users/Magic_Boy/Desktop/stability/output_files/stability.pof ;
+--------------------+----------------------------------------------------------------------+
; Option             ; Setting                                                              ;
+--------------------+----------------------------------------------------------------------+
; Device             ; EPCQ256                                                              ;
; JTAG usercode      ; 0x00000000                                                           ;
; Checksum           ; 0xEE546865                                                           ;
; Compression Ratio  ; 1                                                                    ;
+--------------------+----------------------------------------------------------------------+


+--------------------+
; Assembler Messages ;
+--------------------+
Info: *******************************************************************
Info: Running Quartus Prime Assembler
    Info: Version 16.1.2 Build 203 01/18/2017 SJ Standard Edition
    Info: Processing started: Thu Nov 02 10:10:23 2017
Info: Command: quartus_asm --read_settings_files=off --write_settings_files=off stability -c stability
Info (115030): Assembler is generating device programming files
Info: Quartus Prime Assembler was successful. 0 errors, 0 warnings
    Info: Peak virtual memory: 876 megabytes
    Info: Processing ended: Thu Nov 02 10:10:36 2017
    Info: Elapsed time: 00:00:13
    Info: Total CPU time (on all processors): 00:00:13


